0 info it worked if it ends with ok
1 verbose cli [ '/usr/local/bin/node',
1 verbose cli   '/usr/local/bin/npm',
1 verbose cli   'uninstall',
1 verbose cli   'npm',
1 verbose cli   '-g' ]
2 info using npm@1.3.14
3 info using node@v0.8.2
4 info /usr/local/lib/node_modules/npm unbuild
5 info preuninstall npm@1.3.14
6 info uninstall npm@1.3.14
7 verbose true,/usr/local/lib/node_modules,/usr/local/lib/node_modules unbuild npm@1.3.14
8 verbose /usr/local/bin,[object Object] binRoot
9 info postuninstall npm@1.3.14
10 error Error: EACCES, unlink '/usr/local/lib/node_modules/npm'
10 error  { [Error: EACCES, unlink '/usr/local/lib/node_modules/npm']
10 error   errno: 3,
10 error   code: 'EACCES',
10 error   path: '/usr/local/lib/node_modules/npm' }
11 error Please try running this command again as root/Administrator.
12 error System Darwin 12.5.0
13 error command "/usr/local/bin/node" "/usr/local/bin/npm" "uninstall" "npm" "-g"
14 error cwd /Users/apprentice/Desktop/sassArbit/app/assets/stylesheets
15 error node -v v0.8.2
16 error npm -v 1.3.14
17 error path /usr/local/lib/node_modules/npm
18 error code EACCES
19 error errno 3
20 error stack Error: EACCES, unlink '/usr/local/lib/node_modules/npm'
21 verbose exit [ 3, true ]
